[2023-02-15T08:53:40.366579+00:00] blog.INFO: Команда создания пользователя запущена [] []
[2023-02-15T08:53:40.371788+00:00] blog.INFO: Получен пользователь: user1234 [] []
[2023-02-15T08:54:42.412206+00:00] blog.INFO: Команда создания пользователя запущена [] []
[2023-02-15T08:54:42.413433+00:00] blog.INFO: Получен пользователь: user1234 [] []
[2023-02-15T08:55:32.922291+00:00] blog.INFO: Команда создания пользователя запущена [] []
[2023-02-15T08:55:32.923462+00:00] blog.INFO: Получен пользователь: user1234 [] []
[2023-02-15T08:59:08.858441+00:00] blog.INFO: Команда создания пользователя запущена [] []
[2023-02-15T08:59:08.859717+00:00] blog.WARNING: Пользователь не найден: user1234 [] []
[2023-02-15T08:59:08.865829+00:00] blog.INFO: Создан пользователь: 067b17dc-982d-4ec4-a891-9a368256c6b7 [] []
[2023-02-15T08:59:08.865902+00:00] blog.INFO: Пользователь создан: 067b17dc-982d-4ec4-a891-9a368256c6b7 [] []
[2023-02-15T09:00:45.130424+00:00] blog.INFO: Команда создания пользователя запущена [] []
[2023-02-15T09:00:45.131622+00:00] blog.INFO: Получен пользователь: user1234 [] []
[2023-02-15T09:00:45.132596+00:00] blog.WARNING: Пользователь уже существует: user1234 [] []
[2023-02-15T09:42:16.955137+00:00] blog.INFO: Получен пользователь: user1234 [] []
[2023-02-15T09:42:47.727520+00:00] blog.INFO: Получен пользователь: user1234 [] []
[2023-02-15T09:42:47.734700+00:00] blog.INFO: Создан пост: 91937ebe-ca1c-459c-8ab7-1f0cd3db31e6 [] []
[2023-02-15T09:42:47.735046+00:00] blog.INFO: Пост создан: 91937ebe-ca1c-459c-8ab7-1f0cd3db31e6 [] []
[2023-02-15T09:47:21.809600+00:00] blog.INFO: Команда создания пользователя запущена [] []
[2023-02-15T09:47:21.811125+00:00] blog.WARNING: Пользователь не найден: user234 [] []
[2023-02-15T09:47:21.821432+00:00] blog.INFO: Создан пользователь: 0fecee58-6912-4e62-b51a-0d0049b21026 [] []
[2023-02-15T09:47:21.821731+00:00] blog.INFO: Пользователь создан: 0fecee58-6912-4e62-b51a-0d0049b21026 [] []
[2023-02-15T09:48:00.134750+00:00] blog.INFO: Получен пользователь: user1234 [] []
[2023-02-15T09:48:06.927547+00:00] blog.INFO: Получен пользователь: user1234 [] []
[2023-02-15T09:48:16.697736+00:00] blog.INFO: Получен пользователь: user234 [] []
[2023-02-15T09:48:32.048655+00:00] blog.INFO: Получен пользователь: user234 [] []
[2023-02-15T09:48:32.055682+00:00] blog.INFO: Создан пост: b8b72eb0-43ab-4c86-a1dd-42270456f5a7 [] []
[2023-02-15T09:48:32.055989+00:00] blog.INFO: Пост создан: b8b72eb0-43ab-4c86-a1dd-42270456f5a7 [] []
[2023-02-15T09:57:01.044665+00:00] blog.INFO: Команда создания пользователя запущена [] []
[2023-02-15T09:57:01.046304+00:00] blog.WARNING: Пользователь не найден: user1 [] []
[2023-02-15T09:57:01.052553+00:00] blog.INFO: Создан пользователь: c22d330c-9d0a-4be2-8559-a47ec825b795 [] []
[2023-02-15T09:57:01.052824+00:00] blog.INFO: Пользователь создан: c22d330c-9d0a-4be2-8559-a47ec825b795 [] []
[2023-02-15T09:57:48.001464+00:00] blog.INFO: Команда создания пользователя запущена [] []
[2023-02-15T09:57:48.003376+00:00] blog.WARNING: Пользователь не найден: user2 [] []
[2023-02-15T09:57:48.009953+00:00] blog.INFO: Создан пользователь: a5b9854d-0280-4b3d-929f-02edcb66305b [] []
[2023-02-15T09:57:48.010293+00:00] blog.INFO: Пользователь создан: a5b9854d-0280-4b3d-929f-02edcb66305b [] []
[2023-02-15T10:01:33.013811+00:00] blog.INFO: Команда создания пользователя запущена [] []
[2023-02-15T10:01:33.015466+00:00] blog.WARNING: Пользователь не найден: user3 [] []
[2023-02-15T10:01:33.021344+00:00] blog.INFO: Создан пользователь: 9c4ec61b-747f-45ef-b66a-28bc61d0fe0d [] []
[2023-02-15T10:01:33.021615+00:00] blog.INFO: Пользователь создан: 9c4ec61b-747f-45ef-b66a-28bc61d0fe0d [] []
[2023-02-15T10:02:04.379033+00:00] blog.INFO: Команда создания пользователя запущена [] []
[2023-02-15T10:02:04.380512+00:00] blog.WARNING: Пользователь не найден: user4 [] []
[2023-02-15T10:02:04.385451+00:00] blog.INFO: Создан пользователь: e196e173-6c3b-49b0-a7a3-2a371acdc3bd [] []
[2023-02-15T10:02:04.385655+00:00] blog.INFO: Пользователь создан: e196e173-6c3b-49b0-a7a3-2a371acdc3bd [] []
[2023-02-15T10:02:50.689467+00:00] blog.INFO: Получен пользователь: user3 [] []
[2023-02-15T10:02:50.695392+00:00] blog.INFO: Создан пост: b96dbb1c-e790-4784-9379-856647bc00d1 [] []
[2023-02-15T10:02:50.695726+00:00] blog.INFO: Пост создан: b96dbb1c-e790-4784-9379-856647bc00d1 [] []
[2023-02-15T10:03:01.032244+00:00] blog.INFO: Получен пользователь: user4 [] []
[2023-02-15T10:03:01.038648+00:00] blog.INFO: Создан пост: 16f0a24e-9605-4397-9db5-49991239ef79 [] []
[2023-02-15T10:03:01.038903+00:00] blog.INFO: Пост создан: 16f0a24e-9605-4397-9db5-49991239ef79 [] []
[2023-02-15T10:31:20.093718+00:00] blog.INFO: Получен пользователь: user4 [] []
[2023-02-15T10:41:06.882495+00:00] blog.INFO: Получен пользователь: e196e173-6c3b-49b0-a7a3-2a371acdc3bd [] []
[2023-02-15T10:41:06.888264+00:00] blog.INFO: Создан пост: 9c50027a-a5ae-4a63-afd7-52967afdf9af [] []
[2023-02-15T10:41:06.888619+00:00] blog.INFO: Пост создан: 9c50027a-a5ae-4a63-afd7-52967afdf9af [] []
[2023-02-16T04:28:16.620792+00:00] blog.INFO: Получен пользователь: e196e173-6c3b-49b0-a7a3-2a371acdc3bd [] []
[2023-02-16T04:28:16.641932+00:00] blog.INFO: Создан пост: 3047ca61-a13a-4e7c-896d-66858a5fcc58 [] []
[2023-02-16T04:28:16.642242+00:00] blog.INFO: Пост создан: 3047ca61-a13a-4e7c-896d-66858a5fcc58 [] []
[2023-02-16T04:30:53.626309+00:00] blog.INFO: Получен пользователь: e196e173-6c3b-49b0-a7a3-2a371acdc3bd [] []
[2023-02-16T04:30:53.628134+00:00] blog.INFO: Получен пользователь: e196e173-6c3b-49b0-a7a3-2a371acdc3bd [] []
[2023-02-16T04:30:53.628452+00:00] blog.INFO: Получен пост: 3047ca61-a13a-4e7c-896d-66858a5fcc58 [] []
[2023-02-16T04:30:53.633607+00:00] blog.INFO: Получены лайки поста: 3047ca61-a13a-4e7c-896d-66858a5fcc58 [] []
[2023-02-16T04:30:53.637497+00:00] blog.INFO: Создан лайк поста: e1c54f9d-0a61-4e16-90b3-fc9031caa236 [] []
[2023-02-16T04:30:59.917807+00:00] blog.INFO: Получен пользователь: e196e173-6c3b-49b0-a7a3-2a371acdc3bd [] []
[2023-02-16T04:30:59.919504+00:00] blog.INFO: Получен пользователь: e196e173-6c3b-49b0-a7a3-2a371acdc3bd [] []
[2023-02-16T04:30:59.919820+00:00] blog.INFO: Получен пост: 3047ca61-a13a-4e7c-896d-66858a5fcc58 [] []
[2023-02-16T04:30:59.920510+00:00] blog.INFO: Получен пользователь: e196e173-6c3b-49b0-a7a3-2a371acdc3bd [] []
[2023-02-16T04:30:59.920774+00:00] blog.INFO: Получен пост: 3047ca61-a13a-4e7c-896d-66858a5fcc58 [] []
[2023-02-16T04:30:59.921066+00:00] blog.INFO: Получен пользователь: e196e173-6c3b-49b0-a7a3-2a371acdc3bd [] []
[2023-02-16T04:30:59.921244+00:00] blog.INFO: Получены лайки поста: 3047ca61-a13a-4e7c-896d-66858a5fcc58 [] []
[2023-02-16T04:31:14.410292+00:00] blog.INFO: Получен пользователь: e196e173-6c3b-49b0-a7a3-2a371acdc3bd [] []
[2023-02-16T04:31:14.411798+00:00] blog.INFO: Получен пользователь: e196e173-6c3b-49b0-a7a3-2a371acdc3bd [] []
[2023-02-16T04:31:14.412173+00:00] blog.INFO: Получен пост: 3047ca61-a13a-4e7c-896d-66858a5fcc58 [] []
[2023-02-16T04:31:14.413384+00:00] blog.INFO: Получен пользователь: e196e173-6c3b-49b0-a7a3-2a371acdc3bd [] []
[2023-02-16T04:31:14.413777+00:00] blog.INFO: Получен пост: 3047ca61-a13a-4e7c-896d-66858a5fcc58 [] []
[2023-02-16T04:31:14.414187+00:00] blog.INFO: Получен пользователь: e196e173-6c3b-49b0-a7a3-2a371acdc3bd [] []
[2023-02-16T04:31:14.414486+00:00] blog.INFO: Получены лайки поста: 3047ca61-a13a-4e7c-896d-66858a5fcc58 [] []
[2023-02-16T04:32:02.007356+00:00] blog.INFO: Получен пользователь: e196e173-6c3b-49b0-a7a3-2a371acdc3bd [] []
[2023-02-16T04:32:02.008689+00:00] blog.WARNING: Пользователь не найден: 3814fe02-6c54-4876-bb4c-d781df54a780 [] []
[2023-02-16T04:43:51.521696+00:00] blog.INFO: Получен пользователь: user3 [] []
[2023-02-16T04:47:56.724488+00:00] blog.INFO: Получен пользователь: 9c4ec61b-747f-45ef-b66a-28bc61d0fe0d [] []
[2023-02-16T04:47:56.726263+00:00] blog.INFO: Получен пользователь: e196e173-6c3b-49b0-a7a3-2a371acdc3bd [] []
[2023-02-16T04:47:56.726589+00:00] blog.INFO: Получен пост: 3047ca61-a13a-4e7c-896d-66858a5fcc58 [] []
[2023-02-16T04:47:56.727386+00:00] blog.INFO: Получен пользователь: e196e173-6c3b-49b0-a7a3-2a371acdc3bd [] []
[2023-02-16T04:47:56.727736+00:00] blog.INFO: Получен пост: 3047ca61-a13a-4e7c-896d-66858a5fcc58 [] []
[2023-02-16T04:47:56.728088+00:00] blog.INFO: Получен пользователь: e196e173-6c3b-49b0-a7a3-2a371acdc3bd [] []
[2023-02-16T04:47:56.728286+00:00] blog.INFO: Получены лайки поста: 3047ca61-a13a-4e7c-896d-66858a5fcc58 [] []
[2023-02-16T04:47:56.731912+00:00] blog.INFO: Создан лайк поста: a4467f17-d577-4174-a24c-673460286332 [] []
[2023-02-16T04:48:31.387548+00:00] blog.INFO: Получен пользователь: 9c4ec61b-747f-45ef-b66a-28bc61d0fe0d [] []
[2023-02-16T04:48:31.388980+00:00] blog.INFO: Получен пользователь: e196e173-6c3b-49b0-a7a3-2a371acdc3bd [] []
[2023-02-16T04:48:31.389292+00:00] blog.INFO: Получен пост: 3047ca61-a13a-4e7c-896d-66858a5fcc58 [] []
[2023-02-16T04:48:31.390312+00:00] blog.INFO: Получен пользователь: e196e173-6c3b-49b0-a7a3-2a371acdc3bd [] []
[2023-02-16T04:48:31.390689+00:00] blog.INFO: Получен пост: 3047ca61-a13a-4e7c-896d-66858a5fcc58 [] []
[2023-02-16T04:48:31.391140+00:00] blog.INFO: Получен пользователь: e196e173-6c3b-49b0-a7a3-2a371acdc3bd [] []
[2023-02-16T04:48:31.391614+00:00] blog.INFO: Получен пользователь: e196e173-6c3b-49b0-a7a3-2a371acdc3bd [] []
[2023-02-16T04:48:31.391899+00:00] blog.INFO: Получен пост: 3047ca61-a13a-4e7c-896d-66858a5fcc58 [] []
[2023-02-16T04:48:31.392246+00:00] blog.INFO: Получен пользователь: 9c4ec61b-747f-45ef-b66a-28bc61d0fe0d [] []
[2023-02-16T04:48:31.392540+00:00] blog.INFO: Получены лайки поста: 3047ca61-a13a-4e7c-896d-66858a5fcc58 [] []
[2023-02-16T04:51:59.567241+00:00] blog.INFO: Получен пользователь: 9c4ec61b-747f-45ef-b66a-28bc61d0fe0d [] []
[2023-02-16T04:52:28.993629+00:00] blog.INFO: Получен пользователь: 9c4ec61b-747f-45ef-b66a-28bc61d0fe0d [] []
[2023-02-16T04:52:28.995093+00:00] blog.INFO: Получен пользователь: e196e173-6c3b-49b0-a7a3-2a371acdc3bd [] []
[2023-02-16T04:52:28.995386+00:00] blog.INFO: Получен пост: 3047ca61-a13a-4e7c-896d-66858a5fcc58 [] []
[2023-02-16T04:52:28.998904+00:00] blog.INFO: Создан комментарий: 43a23463-c8ca-4baa-a168-98531b8835ab [] []
[2023-02-16T04:54:05.919362+00:00] blog.INFO: Получен пользователь: 9c4ec61b-747f-45ef-b66a-28bc61d0fe0d [] []
[2023-02-16T04:54:05.920978+00:00] blog.INFO: Получен пользователь: e196e173-6c3b-49b0-a7a3-2a371acdc3bd [] []
[2023-02-16T04:54:05.921267+00:00] blog.INFO: Получен пост: 3047ca61-a13a-4e7c-896d-66858a5fcc58 [] []
[2023-02-16T04:54:05.925214+00:00] blog.INFO: Создан комментарий: a6e41c6a-e42a-4345-9bda-46137dc5b939 [] []
[2023-02-16T04:55:37.793566+00:00] blog.INFO: Получен пользователь: e196e173-6c3b-49b0-a7a3-2a371acdc3bd [] []
[2023-02-16T04:55:37.795255+00:00] blog.INFO: Получен пользователь: e196e173-6c3b-49b0-a7a3-2a371acdc3bd [] []
[2023-02-16T04:55:37.795555+00:00] blog.INFO: Получен пост: 3047ca61-a13a-4e7c-896d-66858a5fcc58 [] []
[2023-02-16T04:55:37.801010+00:00] blog.INFO: Создан комментарий: 95bd1565-ad09-4223-a862-31c159d5f8d9 [] []
[2023-02-16T04:57:56.951054+00:00] blog.INFO: Получен пользователь: e196e173-6c3b-49b0-a7a3-2a371acdc3bd [] []
[2023-02-16T04:57:56.953710+00:00] blog.INFO: Получен пользователь: e196e173-6c3b-49b0-a7a3-2a371acdc3bd [] []
[2023-02-16T04:57:56.954032+00:00] blog.INFO: Получен пост: 3047ca61-a13a-4e7c-896d-66858a5fcc58 [] []
[2023-02-16T04:57:56.954718+00:00] blog.INFO: Получен пользователь: 9c4ec61b-747f-45ef-b66a-28bc61d0fe0d [] []
[2023-02-16T04:57:56.955047+00:00] blog.INFO: Получен комментарий: 43a23463-c8ca-4baa-a168-98531b8835ab [] []
[2023-02-16T04:57:56.958916+00:00] blog.INFO: Получены лайки комментария: 43a23463-c8ca-4baa-a168-98531b8835ab [] []
[2023-02-16T04:57:56.964095+00:00] blog.INFO: Создан лайк комментария: b4d4aa9b-80f9-4e65-881b-f377b3513253 [] []
[2023-02-16T04:58:04.977237+00:00] blog.INFO: Получен пользователь: e196e173-6c3b-49b0-a7a3-2a371acdc3bd [] []
[2023-02-16T04:58:04.978777+00:00] blog.INFO: Получен пользователь: e196e173-6c3b-49b0-a7a3-2a371acdc3bd [] []
[2023-02-16T04:58:04.979040+00:00] blog.INFO: Получен пост: 3047ca61-a13a-4e7c-896d-66858a5fcc58 [] []
[2023-02-16T04:58:04.979451+00:00] blog.INFO: Получен пользователь: 9c4ec61b-747f-45ef-b66a-28bc61d0fe0d [] []
[2023-02-16T04:58:04.979706+00:00] blog.INFO: Получен комментарий: 43a23463-c8ca-4baa-a168-98531b8835ab [] []
[2023-02-16T04:58:04.980280+00:00] blog.INFO: Получен пользователь: e196e173-6c3b-49b0-a7a3-2a371acdc3bd [] []
[2023-02-16T04:58:04.980543+00:00] blog.INFO: Получен пост: 3047ca61-a13a-4e7c-896d-66858a5fcc58 [] []
[2023-02-16T04:58:04.980790+00:00] blog.INFO: Получен пользователь: 9c4ec61b-747f-45ef-b66a-28bc61d0fe0d [] []
[2023-02-16T04:58:04.980978+00:00] blog.INFO: Получен комментарий: 43a23463-c8ca-4baa-a168-98531b8835ab [] []
[2023-02-16T04:58:04.981296+00:00] blog.INFO: Получен пользователь: e196e173-6c3b-49b0-a7a3-2a371acdc3bd [] []
[2023-02-16T04:58:04.981509+00:00] blog.INFO: Получены лайки комментария: 43a23463-c8ca-4baa-a168-98531b8835ab [] []
[2023-02-16T04:58:54.618571+00:00] blog.INFO: Получен пользователь: 9c4ec61b-747f-45ef-b66a-28bc61d0fe0d [] []
[2023-02-16T04:58:54.620943+00:00] blog.INFO: Получен пользователь: e196e173-6c3b-49b0-a7a3-2a371acdc3bd [] []
[2023-02-16T04:58:54.621358+00:00] blog.INFO: Получен пост: 3047ca61-a13a-4e7c-896d-66858a5fcc58 [] []
[2023-02-16T04:58:54.622011+00:00] blog.INFO: Получен пользователь: 9c4ec61b-747f-45ef-b66a-28bc61d0fe0d [] []
[2023-02-16T04:58:54.622351+00:00] blog.INFO: Получен комментарий: 43a23463-c8ca-4baa-a168-98531b8835ab [] []
[2023-02-16T04:58:54.623369+00:00] blog.INFO: Получен пользователь: e196e173-6c3b-49b0-a7a3-2a371acdc3bd [] []
[2023-02-16T04:58:54.623700+00:00] blog.INFO: Получен пост: 3047ca61-a13a-4e7c-896d-66858a5fcc58 [] []
[2023-02-16T04:58:54.624046+00:00] blog.INFO: Получен пользователь: 9c4ec61b-747f-45ef-b66a-28bc61d0fe0d [] []
[2023-02-16T04:58:54.624400+00:00] blog.INFO: Получен комментарий: 43a23463-c8ca-4baa-a168-98531b8835ab [] []
[2023-02-16T04:58:54.624844+00:00] blog.INFO: Получен пользователь: e196e173-6c3b-49b0-a7a3-2a371acdc3bd [] []
[2023-02-16T04:58:54.625200+00:00] blog.INFO: Получены лайки комментария: 43a23463-c8ca-4baa-a168-98531b8835ab [] []
[2023-02-16T04:58:54.629468+00:00] blog.INFO: Создан лайк комментария: 1af2e22b-b900-43c9-b5dd-8c4877e86b68 [] []
[2023-02-16T04:59:04.241658+00:00] blog.INFO: Получен пользователь: 9c4ec61b-747f-45ef-b66a-28bc61d0fe0d [] []
[2023-02-16T04:59:04.243256+00:00] blog.INFO: Получен пользователь: e196e173-6c3b-49b0-a7a3-2a371acdc3bd [] []
[2023-02-16T04:59:04.243443+00:00] blog.INFO: Получен пост: 3047ca61-a13a-4e7c-896d-66858a5fcc58 [] []
[2023-02-16T04:59:04.243879+00:00] blog.INFO: Получен пользователь: 9c4ec61b-747f-45ef-b66a-28bc61d0fe0d [] []
[2023-02-16T04:59:04.244181+00:00] blog.INFO: Получен комментарий: 43a23463-c8ca-4baa-a168-98531b8835ab [] []
[2023-02-16T04:59:04.245071+00:00] blog.INFO: Получен пользователь: e196e173-6c3b-49b0-a7a3-2a371acdc3bd [] []
[2023-02-16T04:59:04.245434+00:00] blog.INFO: Получен пост: 3047ca61-a13a-4e7c-896d-66858a5fcc58 [] []
[2023-02-16T04:59:04.245789+00:00] blog.INFO: Получен пользователь: 9c4ec61b-747f-45ef-b66a-28bc61d0fe0d [] []
[2023-02-16T04:59:04.246138+00:00] blog.INFO: Получен комментарий: 43a23463-c8ca-4baa-a168-98531b8835ab [] []
[2023-02-16T04:59:04.246713+00:00] blog.INFO: Получен пользователь: e196e173-6c3b-49b0-a7a3-2a371acdc3bd [] []
[2023-02-16T04:59:04.247285+00:00] blog.INFO: Получен пользователь: e196e173-6c3b-49b0-a7a3-2a371acdc3bd [] []
[2023-02-16T04:59:04.247616+00:00] blog.INFO: Получен пост: 3047ca61-a13a-4e7c-896d-66858a5fcc58 [] []
[2023-02-16T04:59:04.248012+00:00] blog.INFO: Получен пользователь: 9c4ec61b-747f-45ef-b66a-28bc61d0fe0d [] []
[2023-02-16T04:59:04.248403+00:00] blog.INFO: Получен комментарий: 43a23463-c8ca-4baa-a168-98531b8835ab [] []
[2023-02-16T04:59:04.248847+00:00] blog.INFO: Получен пользователь: 9c4ec61b-747f-45ef-b66a-28bc61d0fe0d [] []
[2023-02-16T04:59:04.249130+00:00] blog.INFO: Получены лайки комментария: 43a23463-c8ca-4baa-a168-98531b8835ab [] []
[2023-02-16T05:32:48.039277+00:00] blog.NOTICE: Маршрут не найден: POST / [] []
[2023-02-16T05:33:20.372005+00:00] blog.INFO: Получен пользователь: 9c4ec61b-747f-45ef-b66a-28bc61d0fe0d [] []
[2023-02-16T05:36:20.454045+00:00] blog.INFO: Получен пользователь: user3 [] []
[2023-02-16T05:37:11.214402+00:00] blog.INFO: Получен пользователь: 9c4ec61b-747f-45ef-b66a-28bc61d0fe0d [] []
[2023-02-16T05:37:11.219395+00:00] blog.INFO: Создан пост: c0b88c61-a8eb-4deb-984c-11d64978b3bb [] []
[2023-02-16T05:37:11.219658+00:00] blog.INFO: Пост создан: c0b88c61-a8eb-4deb-984c-11d64978b3bb [] []
[2023-02-16T05:37:25.460581+00:00] blog.INFO: Получен пользователь: 9c4ec61b-747f-45ef-b66a-28bc61d0fe0d [] []
